PLDshell Plus Release [ 5.1 ] SID [  ]
: C:\PLDSHELL\parpds.exe -f -e HM010.err +d +u +t HM010.pds 
INFO PARPDS:  Parsing file:  HM010.pds.
INFO PARPDS:  File parsed correctly.
INFO PARPDS:  Equation expansion complete.
: C:\PLDSHELL\locmin.exe -f -e HM010.err +m +v HM010 
INFO MIN: Espresso II-mv Copyright 1985 U.C. Berkeley Regents
INFO MIN: 96 Equations Minimized
: C:\PLDSHELL\fitengn.exe -e HM010.err -f -pre keep_noprev -c -q complete HM010 
INFO FIT: Fitting design into EPX740LC68
INFO FIT: Altera Adaptive Fitter Revision 5.1
INFO FIT: FITTER_ALGORITHM = COMPLETE
INFO FIT: (1) warning, (0) fatal error
INFO FIT: Design implemented successfully
INFO ASM: JEDEC file assembled

WARNING E7200-FITENGN: 1 Unused Input(s). They use a pin, but do not feed anything.
SIGNAL: CPUCLK
INFO FITENGN: CDAC is assigned to device Sync. Clock 2, pin 53
INFO FITENGN: CPUCLK is assigned to device Sync. Clock 1, pin 19
: C:\PLDSHELL\viewddb.exe -f -s -e HM010.err HM010 
: C:\PLDSHELL\sengn.exe -f -r 32 -l flipflop.mac -l primtive.mac -e HM010.err HM010.sim 
SENGN Release [ 5.1 Beta ] SID [ 307 ]

INFO SIM: Library [ flipflop.mac ] Loaded!
INFO SIM: Library [ primtive.mac ] Loaded!

INFO SIM: Simulating file: HM010.sim.
INFO SIM: Vectors Generated       -> ( 10 )
INFO SIM: Vectors Generated       -> ( 20 )
INFO SIM: Vectors Generated       -> ( 30 )
INFO SIM: Vectors Generated       -> ( 40 )
INFO SIM: Vectors Generated       -> ( 50 )
INFO SIM: Vectors Generated       -> ( 60 )
INFO SIM: Vectors Generated       -> ( 70 )
INFO SIM: Vectors Generated       -> ( 80 )
INFO SIM: Vectors Generated       -> ( 90 )
INFO SIM: Vectors Generated       -> ( 100 )
INFO SIM: Vectors Generated       -> ( 110 )
INFO SIM: Vectors Generated       -> ( 120 )
INFO SIM: Vectors Generated       -> ( 130 )
INFO SIM: Vectors Generated       -> ( 140 )
INFO SIM: Vectors Generated       -> ( 150 )
INFO SIM: Vectors Generated       -> ( 160 )
INFO SIM: Vectors Generated       -> ( 170 )
INFO SIM: Vectors Generated       -> ( 180 )
INFO SIM: Vectors Generated       -> ( 190 )
INFO SIM: Vectors Generated       -> ( 200 )
INFO SIM: Vectors Generated       -> ( 210 )
INFO SIM: Vectors Generated       -> ( 220 )
INFO SIM: Vectors Generated       -> ( 230 )
INFO SIM: Vectors Generated       -> ( 240 )
INFO SIM: Vectors Generated       -> ( 250 )
INFO SIM: Vectors Generated       -> ( 260 )
INFO SIM: Vectors Generated       -> ( 270 )
INFO SIM: Vectors Generated       -> ( 280 )
INFO SIM: Vectors Generated       -> ( 290 )
INFO SIM: Vectors Generated       -> ( 300 )
INFO SIM: Vectors Generated       -> ( 310 )
INFO SIM: Vectors Generated       -> ( 320 )
INFO SIM: Vectors Generated       -> ( 330 )
INFO SIM: Vectors Generated       -> ( 340 )
INFO SIM: Vectors Generated       -> ( 350 )
INFO SIM: Vectors Generated       -> ( 360 )
INFO SIM: Vectors Generated       -> ( 370 )
INFO SIM: Vectors Generated       -> ( 380 )
INFO SIM: Vectors Generated       -> ( 390 )
INFO SIM: Vectors Generated       -> ( 400 )
INFO SIM: Vectors Generated       -> ( 410 )
INFO SIM: Vectors Generated       -> ( 420 )
INFO SIM: Vectors Generated       -> ( 430 )
INFO SIM: Vectors Generated       -> ( 440 )
INFO SIM: Vectors Generated       -> ( 450 )
INFO SIM: Vectors Generated       -> ( 460 )
INFO SIM: Vectors Generated       -> ( 470 )
INFO SIM: Vectors Generated       -> ( 480 )
INFO SIM: Vectors Generated       -> ( 490 )
INFO SIM: Vectors Generated       -> ( 500 )
INFO SIM: Vectors Generated       -> ( 510 )
INFO SIM: Vectors Generated       -> ( 520 )
INFO SIM: Vectors Generated       -> ( 530 )
INFO SIM: Vectors Generated       -> ( 540 )
INFO SIM: Vectors Generated       -> ( 550 )
INFO SIM: Vectors Generated       -> ( 560 )
INFO SIM: Vectors Generated       -> ( 570 )
INFO SIM: Vectors Generated       -> ( 580 )
INFO SIM: Vectors Generated       -> ( 590 )
INFO SIM: Vectors Generated       -> ( 600 )
INFO SIM: Vectors Generated       -> ( 610 )
INFO SIM: Vectors Generated       -> ( 620 )
INFO SIM: Vectors Generated       -> ( 630 )
INFO SIM: Vectors Generated       -> ( 640 )
INFO SIM: Vectors Generated       -> ( 650 )
INFO SIM: Vectors Generated       -> ( 660 )
INFO SIM: Vectors Generated       -> ( 670 )
INFO SIM: Vectors Generated       -> ( 680 )
INFO SIM: Vectors Generated       -> ( 690 )
INFO SIM: Vectors Generated       -> ( 700 )
INFO SIM: Vectors Generated       -> ( 710 )
INFO SIM: Vectors Generated       -> ( 720 )
INFO SIM: Vectors Generated       -> ( 730 )
INFO SIM: Vectors Generated       -> ( 740 )
INFO SIM: Vectors Generated       -> ( 750 )
INFO SIM: Vectors Generated       -> ( 760 )
INFO SIM: Vectors Generated       -> ( 770 )
INFO SIM: Vectors Generated       -> ( 780 )
INFO SIM: Vectors Generated       -> ( 790 )
INFO SIM: Vectors Generated       -> ( 800 )
INFO SIM: Vectors Generated       -> ( 810 )
INFO SIM: Vectors Generated       -> ( 820 )
INFO SIM: Vectors Generated       -> ( 830 )
INFO SIM: Vectors Generated       -> ( 840 )
INFO SIM: Vectors Generated       -> ( 850 )
INFO SIM: Vectors Generated       -> ( 860 )
INFO SIM: Vectors Generated       -> ( 870 )
INFO SIM: Vectors Generated       -> ( 880 )
INFO SIM: Vectors Generated       -> ( 890 )
INFO SIM: Vectors Generated       -> ( 900 )
INFO SIM: Vectors Generated       -> ( 910 )
INFO SIM: Vectors Generated       -> ( 920 )
INFO SIM: Vectors Generated       -> ( 930 )
INFO SIM: Vectors Generated       -> ( 940 )
INFO SIM: Vectors Generated       -> ( 950 )
INFO SIM: Vectors Generated       -> ( 960 )
INFO SIM: Vectors Generated       -> ( 970 )
INFO SIM: Vectors Generated       -> ( 980 )
INFO SIM: Vectors Generated       -> ( 990 )
INFO SIM: Vectors Generated       -> ( 1000 )
INFO SIM: Vectors Generated       -> ( 1010 )
INFO SIM: Vectors Generated       -> ( 1020 )
INFO SIM: Vectors Generated       -> ( 1030 )
INFO SIM: Vectors Generated       -> ( 1040 )
INFO SIM: Vectors Generated       -> ( 1050 )
INFO SIM: Vectors Generated       -> ( 1060 )
INFO SIM: Vectors Generated       -> ( 1070 )
INFO SIM: Vectors Generated       -> ( 1080 )
INFO SIM: Vectors Generated       -> ( 1090 )
INFO SIM: Vectors Generated       -> ( 1100 )
INFO SIM: Vectors Generated       -> ( 1110 )
INFO SIM: Vectors Generated       -> ( 1120 )
INFO SIM: Vectors Generated       -> ( 1130 )
INFO SIM: Vectors Generated       -> ( 1140 )
INFO SIM: Vectors Generated       -> ( 1150 )
INFO SIM: Vectors Generated       -> ( 1160 )
INFO SIM: Vectors Generated       -> ( 1170 )
INFO SIM: Vectors Generated       -> ( 1180 )
INFO SIM: Vectors Generated       -> ( 1190 )
INFO SIM: Vectors Generated       -> ( 1200 )
INFO SIM: Vectors Generated       -> ( 1210 )
INFO SIM: Vectors Generated       -> ( 1220 )
INFO SIM: Vectors Generated       -> ( 1230 )
INFO SIM: Vectors Generated       -> ( 1240 )
INFO SIM: Vectors Generated       -> ( 1250 )
INFO SIM: Vectors Generated       -> ( 1260 )
INFO SIM: Vectors Generated       -> ( 1270 )
INFO SIM: Vectors Generated       -> ( 1280 )
INFO SIM: Vectors Generated       -> ( 1290 )
INFO SIM: Vectors Generated       -> ( 1300 )
INFO SIM: Vectors Generated       -> ( 1310 )
INFO SIM: Vectors Generated       -> ( 1320 )
INFO SIM: Vectors Generated       -> ( 1330 )
INFO SIM: Vectors Generated       -> ( 1340 )
INFO SIM: Vectors Generated       -> ( 1350 )
INFO SIM: Vectors Generated       -> ( 1360 )
INFO SIM: Vectors Generated       -> ( 1370 )
INFO SIM: Vectors Generated       -> ( 1380 )
INFO SIM: Total Vectors Generated -> ( 1386 )

: C:\PLDSHELL\vectojed.exe -f -m -e HM010.err HM010 
INFO VECTOJED:  Writing test vectors from HM010.hst to HM010.jed
INFO VECTOJED:  Writing vector  100
INFO VECTOJED:  Writing vector  200
INFO VECTOJED:  Writing vector  300
INFO VECTOJED:  Writing vector  400
INFO VECTOJED:  Writing vector  500
INFO VECTOJED:  Writing vector  600
INFO VECTOJED:  Writing vector  700
INFO VECTOJED:  Writing vector  800
INFO VECTOJED:  Writing vector  900
INFO VECTOJED:  Writing vector 1000
INFO VECTOJED:  Writing vector 1100
INFO VECTOJED:  Writing vector 1200
INFO VECTOJED:  Writing vector 1300
INFO VECTOJED:  Total vectors written =  1386
